<?xml version="1.0" encoding="UTF-8"?>
<!-- Generated by org.testng.reporters.JUnitReportReporter -->
<testsuite hostname="desktop-pc" failures="0" tests="3" name="secondproject.hellojava" time="1.773" errors="0" timestamp="2025-05-25T23:57:15 EET" skipped="0">
  <testcase classname="secondproject.hellojava" name="autoCompleteTest" time="1.272"/>
  <testcase classname="secondproject.hellojava" name="SelectTag" time="0.155"/>
  <testcase classname="secondproject.hellojava" name="CheckBoxTest" time="0.346"/>
</testsuite> <!-- secondproject.hellojava -->
